0 info it worked if it ends with ok
1 verbose cli [ 'E:\\Nodejs\\node.exe',
1 verbose cli   'E:\\Nodejs\\node_modules\\npm\\bin\\npm-cli.js',
1 verbose cli   'install',
1 verbose cli   'simpl-theme-bootstrap',
1 verbose cli   '--save' ]
2 info using npm@3.8.3
3 info using node@v4.4.1
4 silly loadCurrentTree Starting
5 silly install loadCurrentTree
6 silly install readLocalPackageData
7 silly fetchPackageMetaData simpl-theme-bootstrap
8 silly fetchNamedPackageData simpl-theme-bootstrap
9 silly mapToRegistry name simpl-theme-bootstrap
10 silly mapToRegistry using default registry
11 silly mapToRegistry registry https://registry.npmjs.org/
12 silly mapToRegistry data Result {
12 silly mapToRegistry   raw: 'simpl-theme-bootstrap',
12 silly mapToRegistry   scope: null,
12 silly mapToRegistry   name: 'simpl-theme-bootstrap',
12 silly mapToRegistry   rawSpec: '',
12 silly mapToRegistry   spec: 'latest',
12 silly mapToRegistry   type: 'tag' }
13 silly mapToRegistry uri https://registry.npmjs.org/simpl-theme-bootstrap
14 verbose request uri https://registry.npmjs.org/simpl-theme-bootstrap
15 verbose request no auth needed
16 info attempt registry request try #1 at 16:47:17
17 verbose request id c127b1630f08675c
18 http request GET https://registry.npmjs.org/simpl-theme-bootstrap
19 info retry will retry, error on last attempt: Error: connect ETIMEDOUT 103.245.222.162:443
20 info attempt registry request try #2 at 16:47:48
21 http request GET https://registry.npmjs.org/simpl-theme-bootstrap
22 info retry will retry, error on last attempt: Error: connect ETIMEDOUT 103.245.222.162:443
23 info attempt registry request try #3 at 16:49:09
24 http request GET https://registry.npmjs.org/simpl-theme-bootstrap
25 silly fetchPackageMetaData Error: connect ETIMEDOUT 103.245.222.162:443
25 silly fetchPackageMetaData     at Object.exports._errnoException (util.js:870:11)
25 silly fetchPackageMetaData     at exports._exceptionWithHostPort (util.js:893:20)
25 silly fetchPackageMetaData     at TCPConnectWrap.afterConnect [as oncomplete] (net.js:1057:14)
25 silly fetchPackageMetaData  error for simpl-theme-bootstrap { [Error: connect ETIMEDOUT 103.245.222.162:443]
25 silly fetchPackageMetaData   code: 'ETIMEDOUT',
25 silly fetchPackageMetaData   errno: 'ETIMEDOUT',
25 silly fetchPackageMetaData   syscall: 'connect',
25 silly fetchPackageMetaData   address: '103.245.222.162',
25 silly fetchPackageMetaData   port: 443 }
26 silly rollbackFailedOptional Starting
27 silly rollbackFailedOptional Finishing
28 silly runTopLevelLifecycles Starting
29 silly runTopLevelLifecycles Finishing
30 silly install printInstalled
31 verbose stack Error: connect ETIMEDOUT 103.245.222.162:443
31 verbose stack     at Object.exports._errnoException (util.js:870:11)
31 verbose stack     at exports._exceptionWithHostPort (util.js:893:20)
31 verbose stack     at TCPConnectWrap.afterConnect [as oncomplete] (net.js:1057:14)
32 verbose cwd F:\FrontEndBaseLine\Saturn\Saturn
33 error Windows_NT 6.1.7601
34 error argv "E:\\Nodejs\\node.exe" "E:\\Nodejs\\node_modules\\npm\\bin\\npm-cli.js" "install" "simpl-theme-bootstrap" "--save"
35 error node v4.4.1
36 error npm  v3.8.3
37 error code ETIMEDOUT
38 error errno ETIMEDOUT
39 error syscall connect
40 error network connect ETIMEDOUT 103.245.222.162:443
41 error network This is most likely not a problem with npm itself
41 error network and is related to network connectivity.
41 error network In most cases you are behind a proxy or have bad network settings.
41 error network
41 error network If you are behind a proxy, please make sure that the
41 error network 'proxy' config is set properly.  See: 'npm help config'
42 verbose exit [ 1, true ]
